2025-03-19 20:25:52,352 - INFO - NASDAQ_stock_list.csv 파일을 읽습니다.
2025-03-19 20:25:52,364 - INFO - NASDAQ 종목 목록을 NASDAQ_list_df로 저장했습니다.
2025-03-19 20:25:52,365 - INFO - NYSE_stock_list.csv 파일을 읽습니다.
2025-03-19 20:25:52,371 - INFO - NYSE 종목 목록을 NYSE_list_df로 저장했습니다.
2025-03-19 20:25:52,372 - INFO - AMEX_stock_list.csv 파일을 읽습니다.
2025-03-19 20:25:52,374 - INFO - AMEX 종목 목록을 AMEX_list_df로 저장했습니다.
2025-03-19 20:25:52,374 - INFO - S&P 500_stock_list.csv 파일을 읽습니다.
2025-03-19 20:25:52,377 - INFO - S&P 500 종목 목록을 SP_500_list_df로 저장했습니다.
2025-03-19 20:25:54,560 - INFO - AAPL의 Sector 값을 Technology로 업데이트했습니다.
2025-03-19 20:25:54,966 - INFO - MSFT의 Sector 값을 Technology로 업데이트했습니다.
2025-03-19 20:25:55,378 - INFO - NVDA의 Sector 값을 Technology로 업데이트했습니다.
2025-03-19 20:25:55,779 - INFO - AMZN의 Sector 값을 Consumer Cyclical로 업데이트했습니다.
2025-03-19 20:25:56,177 - INFO - META의 Sector 값을 Communication Services로 업데이트했습니다.
2025-03-19 20:25:56,587 - INFO - GOOGL의 Sector 값을 Communication Services로 업데이트했습니다.
2025-03-19 20:25:56,992 - INFO - GOOG의 Sector 값을 Communication Services로 업데이트했습니다.
2025-03-19 20:25:57,429 - INFO - AVGO의 Sector 값을 Technology로 업데이트했습니다.
2025-03-19 20:25:57,891 - INFO - TSLA의 Sector 값을 Consumer Cyclical로 업데이트했습니다.
2025-03-19 20:25:58,368 - INFO - COST의 Sector 값을 Consumer Defensive로 업데이트했습니다.
2025-03-19 20:25:58,770 - INFO - NFLX의 Sector 값을 Communication Services로 업데이트했습니다.
2025-03-19 20:25:59,178 - INFO - TMUS의 Sector 값을 Communication Services로 업데이트했습니다.
2025-03-19 20:25:59,584 - INFO - ASML의 Sector 값을 Technology로 업데이트했습니다.
2025-03-19 20:25:59,993 - INFO - CSCO의 Sector 값을 Technology로 업데이트했습니다.
2025-03-19 20:26:00,410 - INFO - AZN의 Sector 값을 Healthcare로 업데이트했습니다.
2025-03-19 20:26:00,816 - INFO - LIN의 Sector 값을 Basic Materials로 업데이트했습니다.
2025-03-19 20:26:01,221 - INFO - PEP의 Sector 값을 Consumer Defensive로 업데이트했습니다.
2025-03-19 20:26:01,693 - INFO - PLTR의 Sector 값을 Technology로 업데이트했습니다.
2025-03-19 20:26:02,102 - INFO - PDD의 Sector 값을 Consumer Cyclical로 업데이트했습니다.
2025-03-19 20:26:02,504 - INFO - ISRG의 Sector 값을 Healthcare로 업데이트했습니다.
2025-03-19 20:26:02,908 - INFO - QCOM의 Sector 값을 Technology로 업데이트했습니다.
2025-03-19 20:26:03,443 - INFO - AMGN의 Sector 값을 Healthcare로 업데이트했습니다.
2025-03-19 20:26:03,853 - INFO - ADBE의 Sector 값을 Technology로 업데이트했습니다.
2025-03-19 20:26:04,252 - INFO - AMD의 Sector 값을 Technology로 업데이트했습니다.
2025-03-19 20:26:04,656 - INFO - INTU의 Sector 값을 Technology로 업데이트했습니다.
2025-03-19 20:26:05,118 - INFO - TXN의 Sector 값을 Technology로 업데이트했습니다.
2025-03-19 20:26:05,523 - INFO - SNY의 Sector 값을 Healthcare로 업데이트했습니다.
2025-03-19 20:26:05,920 - INFO - BKNG의 Sector 값을 Consumer Cyclical로 업데이트했습니다.
2025-03-19 20:26:06,327 - INFO - GILD의 Sector 값을 Healthcare로 업데이트했습니다.
2025-03-19 20:26:06,729 - INFO - HON의 Sector 값을 Industrials로 업데이트했습니다.
2025-03-19 20:26:07,133 - INFO - CMCSA의 Sector 값을 Communication Services로 업데이트했습니다.
2025-03-19 20:26:07,537 - INFO - VRTX의 Sector 값을 Healthcare로 업데이트했습니다.
2025-03-19 20:26:07,949 - INFO - ARM의 Sector 값을 Technology로 업데이트했습니다.
2025-03-19 20:26:08,345 - INFO - AMAT의 Sector 값을 Technology로 업데이트했습니다.
2025-03-19 20:26:08,737 - INFO - PANW의 Sector 값을 Technology로 업데이트했습니다.
2025-03-19 20:26:09,140 - INFO - ADP의 Sector 값을 Technology로 업데이트했습니다.
2025-03-19 20:26:09,536 - INFO - MU의 Sector 값을 Technology로 업데이트했습니다.
2025-03-19 20:26:09,937 - INFO - INTC의 Sector 값을 Technology로 업데이트했습니다.
2025-03-19 20:26:10,344 - INFO - SBUX의 Sector 값을 Consumer Cyclical로 업데이트했습니다.
2025-03-19 20:26:10,755 - INFO - ADI의 Sector 값을 Technology로 업데이트했습니다.
2025-03-19 20:26:11,155 - INFO - MELI의 Sector 값을 Consumer Cyclical로 업데이트했습니다.
2025-03-19 20:26:11,563 - INFO - LRCX의 Sector 값을 Technology로 업데이트했습니다.
2025-03-19 20:26:11,969 - INFO - CME의 Sector 값을 Financial Services로 업데이트했습니다.
2025-03-19 20:26:12,381 - INFO - APP의 Sector 값을 Technology로 업데이트했습니다.
2025-03-19 20:26:12,783 - INFO - KLAC의 Sector 값을 Technology로 업데이트했습니다.
2025-03-19 20:26:13,190 - INFO - CRWD의 Sector 값을 Technology로 업데이트했습니다.
2025-03-19 20:26:13,599 - INFO - MDLZ의 Sector 값을 Consumer Defensive로 업데이트했습니다.
2025-03-19 20:26:14,061 - INFO - EQIX의 Sector 값을 Real Estate로 업데이트했습니다.
2025-03-19 20:26:14,465 - INFO - ABNB의 Sector 값을 Consumer Cyclical로 업데이트했습니다.
2025-03-19 20:26:14,985 - INFO - CTAS의 Sector 값을 Industrials로 업데이트했습니다.
2025-03-19 20:26:15,387 - INFO - DASH의 Sector 값을 Communication Services로 업데이트했습니다.
2025-03-19 20:26:15,790 - INFO - TRI의 Sector 값을 Industrials로 업데이트했습니다.
2025-03-19 20:26:16,238 - INFO - ORLY의 Sector 값을 Consumer Cyclical로 업데이트했습니다.
2025-03-19 20:26:16,638 - INFO - FTNT의 Sector 값을 Technology로 업데이트했습니다.
2025-03-19 20:26:17,164 - INFO - MSTR의 Sector 값을 Technology로 업데이트했습니다.
2025-03-19 20:26:17,570 - INFO - IBKR의 Sector 값을 Financial Services로 업데이트했습니다.
2025-03-19 20:26:17,981 - INFO - REGN의 Sector 값을 Healthcare로 업데이트했습니다.
2025-03-19 20:26:18,388 - INFO - CDNS의 Sector 값을 Technology로 업데이트했습니다.
2025-03-19 20:26:18,793 - INFO - SNPS의 Sector 값을 Technology로 업데이트했습니다.
2025-03-19 20:26:19,201 - INFO - PYPL의 Sector 값을 Financial Services로 업데이트했습니다.
2025-03-19 20:26:19,679 - INFO - WDAY의 Sector 값을 Technology로 업데이트했습니다.
2025-03-19 20:26:20,110 - INFO - MAR의 Sector 값을 Consumer Cyclical로 업데이트했습니다.
2025-03-19 20:26:20,519 - INFO - CEG의 Sector 값을 Utilities로 업데이트했습니다.
2025-03-19 20:26:20,992 - INFO - JD의 Sector 값을 Consumer Cyclical로 업데이트했습니다.
2025-03-19 20:26:21,393 - INFO - NTES의 Sector 값을 Communication Services로 업데이트했습니다.
2025-03-19 20:26:21,791 - INFO - ROP의 Sector 값을 Technology로 업데이트했습니다.
2025-03-19 20:26:22,194 - INFO - MRVL의 Sector 값을 Technology로 업데이트했습니다.
2025-03-19 20:26:22,595 - INFO - TEAM의 Sector 값을 Technology로 업데이트했습니다.
2025-03-19 20:26:22,992 - INFO - CSX의 Sector 값을 Industrials로 업데이트했습니다.
2025-03-19 20:26:23,405 - INFO - AEP의 Sector 값을 Utilities로 업데이트했습니다.
2025-03-19 20:26:23,806 - INFO - CHTR의 Sector 값을 Communication Services로 업데이트했습니다.
2025-03-19 20:26:24,213 - INFO - ADSK의 Sector 값을 Technology로 업데이트했습니다.
2025-03-19 20:26:24,623 - INFO - MNST의 Sector 값을 Consumer Defensive로 업데이트했습니다.
2025-03-19 20:26:25,037 - INFO - PAYX의 Sector 값을 Technology로 업데이트했습니다.
2025-03-19 20:26:25,438 - INFO - PCAR의 Sector 값을 Industrials로 업데이트했습니다.
2025-03-19 20:26:25,837 - INFO - NXPI의 Sector 값을 Technology로 업데이트했습니다.
2025-03-19 20:26:26,261 - INFO - CPRT의 Sector 값을 Industrials로 업데이트했습니다.
2025-03-19 20:26:26,657 - INFO - COIN의 Sector 값을 Financial Services로 업데이트했습니다.
2025-03-19 20:26:27,063 - INFO - KDP의 Sector 값을 Consumer Defensive로 업데이트했습니다.
2025-03-19 20:26:27,464 - INFO - FANG의 Sector 값을 Energy로 업데이트했습니다.
2025-03-19 20:26:27,893 - INFO - EXC의 Sector 값을 Utilities로 업데이트했습니다.
2025-03-19 20:26:28,332 - INFO - FAST의 Sector 값을 Industrials로 업데이트했습니다.
2025-03-19 20:26:28,729 - INFO - NDAQ의 Sector 값을 Financial Services로 업데이트했습니다.
2025-03-19 20:26:29,143 - INFO - BKR의 Sector 값을 Energy로 업데이트했습니다.
2025-03-19 20:26:29,551 - INFO - TCOM의 Sector 값을 Consumer Cyclical로 업데이트했습니다.
2025-03-19 20:26:29,956 - INFO - AXON의 Sector 값을 Industrials로 업데이트했습니다.
2025-03-19 20:26:30,372 - INFO - ROST의 Sector 값을 Consumer Cyclical로 업데이트했습니다.
2025-03-19 20:26:30,776 - INFO - VRSK의 Sector 값을 Industrials로 업데이트했습니다.
2025-03-19 20:26:31,175 - INFO - XEL의 Sector 값을 Utilities로 업데이트했습니다.
2025-03-19 20:26:31,583 - INFO - CCEP의 Sector 값을 Consumer Defensive로 업데이트했습니다.
2025-03-19 20:26:31,983 - INFO - CTSH의 Sector 값을 Technology로 업데이트했습니다.
2025-03-19 20:26:32,456 - INFO - LULU의 Sector 값을 Consumer Cyclical로 업데이트했습니다.
2025-03-19 20:26:32,859 - INFO - TFINP의 Sector 값을 Financial Services로 업데이트했습니다.
2025-03-19 20:26:33,262 - INFO - GEHC의 Sector 값을 Healthcare로 업데이트했습니다.
2025-03-19 20:26:33,671 - INFO - EA의 Sector 값을 Communication Services로 업데이트했습니다.
2025-03-19 20:26:34,076 - INFO - ARGX의 Sector 값을 Healthcare로 업데이트했습니다.
2025-03-19 20:26:34,477 - INFO - KHC의 Sector 값을 Consumer Defensive로 업데이트했습니다.
2025-03-19 20:26:34,878 - INFO - TTWO의 Sector 값을 Communication Services로 업데이트했습니다.
2025-03-19 20:26:35,282 - INFO - BIDU의 Sector 값을 Communication Services로 업데이트했습니다.
2025-03-19 20:26:35,686 - INFO - HOOD의 Sector 값을 Financial Services로 업데이트했습니다.
2025-03-19 20:26:36,188 - INFO - DDOG의 Sector 값을 Technology로 업데이트했습니다.
2025-03-19 20:26:36,582 - INFO - ACGL의 Sector 값을 Financial Services로 업데이트했습니다.
2025-03-19 20:26:36,979 - INFO - ODFL의 Sector 값을 Industrials로 업데이트했습니다.
2025-03-19 20:26:37,378 - INFO - IDXX의 Sector 값을 Healthcare로 업데이트했습니다.
2025-03-19 20:26:37,778 - INFO - WTW의 Sector 값을 Financial Services로 업데이트했습니다.
2025-03-19 20:26:38,184 - INFO - CSGP의 Sector 값을 Real Estate로 업데이트했습니다.
2025-03-19 20:26:38,655 - INFO - FER의 Sector 값을 Industrials로 업데이트했습니다.
2025-03-19 20:26:39,064 - INFO - ALNY의 Sector 값을 Healthcare로 업데이트했습니다.
2025-03-19 20:26:39,556 - INFO - ZS의 Sector 값을 Technology로 업데이트했습니다.
2025-03-19 20:26:39,962 - INFO - EBAY의 Sector 값을 Consumer Cyclical로 업데이트했습니다.
2025-03-19 20:26:40,367 - INFO - TW의 Sector 값을 Financial Services로 업데이트했습니다.
2025-03-19 20:26:40,780 - INFO - MPWR의 Sector 값을 Technology로 업데이트했습니다.
2025-03-19 20:26:41,183 - INFO - MCHP의 Sector 값을 Technology로 업데이트했습니다.
2025-03-19 20:26:41,659 - INFO - ANSS의 Sector 값을 Technology로 업데이트했습니다.
2025-03-19 20:26:42,065 - INFO - TSCO의 Sector 값을 Consumer Cyclical로 업데이트했습니다.
2025-03-19 20:26:42,470 - INFO - DXCM의 Sector 값을 Healthcare로 업데이트했습니다.
2025-03-19 20:26:42,874 - INFO - TTD의 Sector 값을 Technology로 업데이트했습니다.
2025-03-19 20:26:43,282 - INFO - FITB의 Sector 값을 Financial Services로 업데이트했습니다.
2025-03-19 20:26:43,691 - INFO - ONC의 Sector 값을 Healthcare로 업데이트했습니다.
2025-03-19 20:26:44,367 - INFO - WBD의 Sector 값을 Communication Services로 업데이트했습니다.
2025-03-19 20:26:44,782 - INFO - ERIC의 Sector 값을 Technology로 업데이트했습니다.
2025-03-19 20:26:45,362 - INFO - RYAAY의 Sector 값을 Industrials로 업데이트했습니다.
2025-03-19 20:26:45,765 - INFO - EXE의 Sector 값을 Energy로 업데이트했습니다.
2025-03-19 20:26:46,169 - INFO - CHKP의 Sector 값을 Technology로 업데이트했습니다.
2025-03-19 20:26:46,568 - INFO - FCNCA의 Sector 값을 Financial Services로 업데이트했습니다.
2025-03-19 20:26:46,967 - INFO - LI의 Sector 값을 Consumer Cyclical로 업데이트했습니다.
2025-03-19 20:26:47,373 - INFO - VOD의 Sector 값을 Communication Services로 업데이트했습니다.
2025-03-19 20:26:47,777 - INFO - LPLA의 Sector 값을 Financial Services로 업데이트했습니다.
2025-03-19 20:26:48,183 - INFO - SBAC의 Sector 값을 Real Estate로 업데이트했습니다.
2025-03-19 20:26:48,591 - INFO - BNTX의 Sector 값을 Healthcare로 업데이트했습니다.
2025-03-19 20:26:48,994 - INFO - UAL의 Sector 값을 Industrials로 업데이트했습니다.
2025-03-19 20:26:49,410 - INFO - ZM의 Sector 값을 Technology로 업데이트했습니다.
2025-03-19 20:26:49,815 - INFO - CINF의 Sector 값을 Financial Services로 업데이트했습니다.
2025-03-19 20:26:50,217 - INFO - VRSN의 Sector 값을 Technology로 업데이트했습니다.
2025-03-19 20:26:50,688 - INFO - CDW의 Sector 값을 Technology로 업데이트했습니다.
2025-03-19 20:26:51,095 - INFO - SMCI의 Sector 값을 Technology로 업데이트했습니다.
2025-03-19 20:26:51,497 - INFO - ERIE의 Sector 값을 Financial Services로 업데이트했습니다.
2025-03-19 20:26:51,893 - INFO - HBAN의 Sector 값을 Financial Services로 업데이트했습니다.
2025-03-19 20:26:52,295 - INFO - GFS의 Sector 값을 Technology로 업데이트했습니다.
2025-03-19 20:26:52,703 - INFO - EXPE의 Sector 값을 Consumer Cyclical로 업데이트했습니다.
2025-03-19 20:26:53,101 - INFO - BIIB의 Sector 값을 Healthcare로 업데이트했습니다.
2025-03-19 20:26:53,530 - INFO - TROW의 Sector 값을 Financial Services로 업데이트했습니다.
2025-03-19 20:26:53,939 - INFO - SSNC의 Sector 값을 Technology로 업데이트했습니다.
2025-03-19 20:26:54,346 - INFO - NTRA의 Sector 값을 Healthcare로 업데이트했습니다.
2025-03-19 20:26:54,746 - INFO - OKTA의 Sector 값을 Technology로 업데이트했습니다.
2025-03-19 20:26:55,248 - INFO - FWONK의 Sector 값을 Communication Services로 업데이트했습니다.
2025-03-19 20:26:55,718 - INFO - RPRX의 Sector 값을 Healthcare로 업데이트했습니다.
2025-03-19 20:26:56,132 - INFO - PTC의 Sector 값을 Technology로 업데이트했습니다.
2025-03-19 20:26:56,537 - INFO - NTRS의 Sector 값을 Financial Services로 업데이트했습니다.
2025-03-19 20:26:56,942 - INFO - STLD의 Sector 값을 Basic Materials로 업데이트했습니다.
2025-03-19 20:26:57,356 - INFO - PFG의 Sector 값을 Financial Services로 업데이트했습니다.
2025-03-19 20:26:57,772 - INFO - NTAP의 Sector 값을 Technology로 업데이트했습니다.
2025-03-19 20:26:58,181 - INFO - GRAB의 Sector 값을 Technology로 업데이트했습니다.
2025-03-19 20:26:58,579 - INFO - NTNX의 Sector 값을 Technology로 업데이트했습니다.
2025-03-19 20:26:58,986 - INFO - STX의 Sector 값을 Technology로 업데이트했습니다.
2025-03-19 20:26:59,384 - INFO - KSPI의 Sector 값을 Technology로 업데이트했습니다.
2025-03-19 20:26:59,788 - INFO - ON의 Sector 값을 Technology로 업데이트했습니다.
2025-03-19 20:27:00,195 - INFO - PODD의 Sector 값을 Healthcare로 업데이트했습니다.
2025-03-19 20:27:00,622 - INFO - ESLT의 Sector 값을 Industrials로 업데이트했습니다.
2025-03-19 20:27:01,022 - INFO - TPG의 Sector 값을 Financial Services로 업데이트했습니다.
2025-03-19 20:27:01,425 - INFO - DKNG의 Sector 값을 Consumer Cyclical로 업데이트했습니다.
2025-03-19 20:27:01,830 - INFO - TRMB의 Sector 값을 Technology로 업데이트했습니다.
2025-03-19 20:27:02,299 - INFO - DOCU의 Sector 값을 Technology로 업데이트했습니다.
2025-03-19 20:27:02,711 - INFO - GEN의 Sector 값을 Technology로 업데이트했습니다.
2025-03-19 20:27:03,286 - INFO - CYBR의 Sector 값을 Technology로 업데이트했습니다.
2025-03-19 20:27:03,689 - INFO - WMG의 Sector 값을 Communication Services로 업데이트했습니다.
2025-03-19 20:27:04,092 - INFO - AZPN의 Sector 값을 Technology로 업데이트했습니다.
2025-03-19 20:27:04,629 - INFO - LNT의 Sector 값을 Utilities로 업데이트했습니다.
2025-03-19 20:27:05,097 - INFO - COO의 Sector 값을 Healthcare로 업데이트했습니다.
2025-03-19 20:27:05,574 - INFO - ULTA의 Sector 값을 Consumer Cyclical로 업데이트했습니다.
2025-03-19 20:27:06,094 - INFO - FUTU의 Sector 값을 Financial Services로 업데이트했습니다.
2025-03-19 20:27:06,494 - INFO - DPZ의 Sector 값을 Consumer Cyclical로 업데이트했습니다.
2025-03-19 20:27:06,900 - INFO - EVRG의 Sector 값을 Utilities로 업데이트했습니다.
2025-03-19 20:27:07,307 - INFO - WDC의 Sector 값을 Technology로 업데이트했습니다.
2025-03-19 20:27:07,716 - INFO - ICLR의 Sector 값을 Healthcare로 업데이트했습니다.
2025-03-19 20:27:08,123 - INFO - LOGI의 Sector 값을 Technology로 업데이트했습니다.
2025-03-19 20:27:08,546 - INFO - FFIV의 Sector 값을 Technology로 업데이트했습니다.
2025-03-19 20:27:08,949 - INFO - CG의 Sector 값을 Financial Services로 업데이트했습니다.
2025-03-19 20:27:09,360 - INFO - MDB의 Sector 값을 Technology로 업데이트했습니다.
2025-03-19 20:27:09,767 - INFO - ENTG의 Sector 값을 Technology로 업데이트했습니다.
2025-03-19 20:27:10,178 - INFO - ARCC의 Sector 값을 Financial Services로 업데이트했습니다.
2025-03-19 20:27:10,583 - INFO - JBHT의 Sector 값을 Industrials로 업데이트했습니다.
2025-03-19 20:27:10,990 - INFO - SMMT의 Sector 값을 Healthcare로 업데이트했습니다.
2025-03-19 20:27:11,460 - INFO - ZBRA의 Sector 값을 Technology로 업데이트했습니다.
2025-03-19 20:27:11,874 - INFO - TER의 Sector 값을 Technology로 업데이트했습니다.
2025-03-19 20:27:12,279 - INFO - CASY의 Sector 값을 Consumer Cyclical로 업데이트했습니다.
2025-03-19 20:27:12,712 - INFO - UTHR의 Sector 값을 Healthcare로 업데이트했습니다.
2025-03-19 20:27:13,188 - INFO - PAA의 Sector 값을 Energy로 업데이트했습니다.
2025-03-19 20:27:13,591 - INFO - AFRM의 Sector 값을 Technology로 업데이트했습니다.
2025-03-19 20:27:13,997 - INFO - ITCI의 Sector 값을 Healthcare로 업데이트했습니다.
2025-03-19 20:27:14,402 - INFO - DLTR의 Sector 값을 Consumer Defensive로 업데이트했습니다.
2025-03-19 20:27:14,811 - INFO - INSM의 Sector 값을 Healthcare로 업데이트했습니다.
2025-03-19 20:27:15,223 - INFO - HOLX의 Sector 값을 Healthcare로 업데이트했습니다.
2025-03-19 20:27:15,708 - INFO - GLPI의 Sector 값을 Real Estate로 업데이트했습니다.
2025-03-19 20:27:16,112 - INFO - LINE의 Sector 값을 Real Estate로 업데이트했습니다.
2025-03-19 20:27:16,519 - INFO - BMRN의 Sector 값을 Healthcare로 업데이트했습니다.
2025-03-19 20:27:16,929 - INFO - FSLR의 Sector 값을 Technology로 업데이트했습니다.
2025-03-19 20:27:17,331 - INFO - SFM의 Sector 값을 Consumer Defensive로 업데이트했습니다.
2025-03-19 20:27:17,732 - INFO - ILMN의 Sector 값을 Healthcare로 업데이트했습니다.
2025-03-19 20:27:18,140 - INFO - GMAB의 Sector 값을 Healthcare로 업데이트했습니다.
2025-03-19 20:27:18,547 - INFO - FLEX의 Sector 값을 Technology로 업데이트했습니다.
2025-03-19 20:27:18,964 - INFO - SOFI의 Sector 값을 Financial Services로 업데이트했습니다.
2025-03-19 20:27:19,372 - INFO - MRNA의 Sector 값을 Healthcare로 업데이트했습니다.
2025-03-19 20:27:19,778 - INFO - DUOL의 Sector 값을 Technology로 업데이트했습니다.
2025-03-19 20:27:20,187 - INFO - MNDY의 Sector 값을 Technology로 업데이트했습니다.
2025-03-19 20:27:20,595 - INFO - REG의 Sector 값을 Real Estate로 업데이트했습니다.
2025-03-19 20:27:20,996 - INFO - JKHY의 Sector 값을 Technology로 업데이트했습니다.
2025-03-19 20:27:21,400 - INFO - BSY의 Sector 값을 Technology로 업데이트했습니다.
2025-03-19 20:27:21,809 - INFO - Z의 Sector 값을 Communication Services로 업데이트했습니다.
2025-03-19 20:27:22,211 - INFO - RIVN의 Sector 값을 Consumer Cyclical로 업데이트했습니다.
2025-03-19 20:27:22,623 - INFO - MORN의 Sector 값을 Financial Services로 업데이트했습니다.
2025-03-19 20:27:23,030 - INFO - SYM의 Sector 값을 Industrials로 업데이트했습니다.
2025-03-19 20:27:23,445 - INFO - AKAM의 Sector 값을 Technology로 업데이트했습니다.
2025-03-19 20:27:23,848 - INFO - POOL의 Sector 값을 Industrials로 업데이트했습니다.
2025-03-19 20:27:24,249 - INFO - EWBC의 Sector 값을 Financial Services로 업데이트했습니다.
2025-03-19 20:27:24,650 - INFO - ALGN의 Sector 값을 Healthcare로 업데이트했습니다.
2025-03-19 20:27:25,167 - INFO - AUR의 Sector 값을 Technology로 업데이트했습니다.
2025-03-19 20:27:25,574 - INFO - HTHT의 Sector 값을 Consumer Cyclical로 업데이트했습니다.
2025-03-19 20:27:26,047 - INFO - CHRW의 Sector 값을 Industrials로 업데이트했습니다.
2025-03-19 20:27:26,454 - INFO - NDSN의 Sector 값을 Industrials로 업데이트했습니다.
2025-03-19 20:27:26,981 - INFO - PPC의 Sector 값을 Consumer Defensive로 업데이트했습니다.
2025-03-19 20:27:27,384 - INFO - LAMR의 Sector 값을 Real Estate로 업데이트했습니다.
2025-03-19 20:27:27,860 - INFO - MBLY의 Sector 값을 Consumer Cyclical로 업데이트했습니다.
2025-03-19 20:27:28,266 - INFO - INCY의 Sector 값을 Healthcare로 업데이트했습니다.
2025-03-19 20:27:28,669 - INFO - CPB의 Sector 값을 Consumer Defensive로 업데이트했습니다.
2025-03-19 20:27:29,081 - INFO - COKE의 Sector 값을 Consumer Defensive로 업데이트했습니다.
2025-03-19 20:27:29,488 - INFO - FOX의 Sector 값을 Communication Services로 업데이트했습니다.
2025-03-19 20:27:29,892 - INFO - FOXA의 Sector 값을 Communication Services로 업데이트했습니다.
2025-03-19 20:27:30,303 - INFO - SWKS의 Sector 값을 Technology로 업데이트했습니다.
2025-03-19 20:27:30,710 - INFO - VTRS의 Sector 값을 Healthcare로 업데이트했습니다.
2025-03-19 20:27:31,209 - INFO - ALAB의 Sector 값을 Technology로 업데이트했습니다.
2025-03-19 20:27:31,619 - INFO - TXRH의 Sector 값을 Consumer Cyclical로 업데이트했습니다.
2025-03-19 20:27:32,023 - INFO - SAIL의 Sector 값을 Technology로 업데이트했습니다.
2025-03-19 20:27:32,431 - INFO - WWD의 Sector 값을 Industrials로 업데이트했습니다.
2025-03-19 20:27:32,841 - INFO - LKQ의 Sector 값을 Consumer Cyclical로 업데이트했습니다.
2025-03-19 20:27:33,244 - INFO - NBIX의 Sector 값을 Healthcare로 업데이트했습니다.
2025-03-19 20:27:33,656 - INFO - LECO의 Sector 값을 Industrials로 업데이트했습니다.
